2022/02/07 21:55:56 %s %s %v POST /user/login
2022/02/08 21:45:38 %s %s %v POST /user/login
2022/02/08 22:04:27 %s %s %v POST /user/login
2022/02/08 22:06:03 %s %s %v POST /user/login
2022/02/08 22:07:32 %s %s %v GET /user/active
2022/02/20 09:10:54 %s %s %v POST /user/login
2022/02/20 09:11:03 %s %s %v POST /user/login
2022/02/20 09:16:22 %s %s %v GET /
2022/02/20 09:16:22 %s %s %v GET /favicon.ico
%s %s %v GET /
%s %s %v GET /favicon.ico
%s %s %v GET /echo
%s %s %v GET /favicon.ico
%s %s %v GET /echo
%s %s %v GET /favicon.ico
%s %s %v GET /echo
%s %s %v GET /favicon.ico
%s %s %v GET /echo
%s %s %v GET /favicon.ico
2022/02/20 11:56:40 %s %s %v GET /
2022/02/20 11:56:41 %s %s %v GET /favicon.ico
2022/02/20 11:56:57 %s %s %v GET /
2022/02/20 11:56:57 %s %s %v GET /favicon.ico
2022/02/20 12:00:44 %s %s %v GET /
2022/02/20 12:00:44 %s %s %v GET /favicon.ico
2022/02/20 12:02:58 %s %s %v GET /
2022/02/20 12:02:58 %s %s %v GET /favicon.ico
2022/02/20 12:03:16 %s %s %v POST /user/login
2022/02/20 13:45:08 %s %s %v GET /
2022/02/20 13:45:08 %s %s %v GET /favicon.ico
2022/02/20 15:41:15 %s %s %v GET /
2022/02/20 15:41:15 %s %s %v GET /favicon.ico
2022/02/20 15:44:05 %s %s %v GET /
2022/02/20 15:44:05 %s %s %v GET /favicon.ico
2022/02/20 15:44:08 %s %s %v GET /
2022/02/20 15:44:08 %s %s %v GET /favicon.ico
2022/02/20 15:48:53 %s %s %v GET /
2022/02/20 15:48:53 %s %s %v GET /favicon.ico
2022/02/20 15:48:59 %s %s %v GET /
2022/02/20 15:48:59 %s %s %v GET /favicon.ico
2022/02/20 15:50:34 %s %s %v GET /
2022/02/20 15:50:34 %s %s %v GET /favicon.ico
2022/02/20 16:16:18 %s %s %v GET /
2022/02/20 16:16:18 %s %s %v GET /favicon.ico
2022/02/20 16:17:39 %s %s %v GET /
2022/02/20 16:17:39 %s %s %v GET /favicon.ico
2022/02/20 16:17:43 %s %s %v GET /
2022/02/20 16:17:43 %s %s %v GET /favicon.ico
2022/02/20 16:18:54 %s %s %v GET /
2022/02/20 16:18:54 %s %s %v GET /favicon.ico
2022/02/20 16:19:04 %s %s %v GET /
2022/02/20 16:19:04 %s %s %v GET /favicon.ico
2022/02/20 16:19:10 %s %s %v GET /
2022/02/20 16:19:10 %s %s %v GET /favicon.ico
2022/02/20 16:19:15 %s %s %v GET /
2022/02/20 16:19:15 %s %s %v GET /favicon.ico
2022/02/20 16:19:18 %s %s %v GET /
2022/02/20 16:19:18 %s %s %v GET /favicon.ico
2022/02/20 16:20:11 %s %s %v GET /
2022/02/20 16:20:11 %s %s %v GET /favicon.ico
2022/02/20 16:20:27 %s %s %v GET /
2022/02/20 16:20:27 %s %s %v GET /favicon.ico
2022/02/20 16:20:46 %s %s %v GET /
2022/02/20 16:20:46 %s %s %v GET /favicon.ico
2022/02/20 16:21:25 %s %s %v GET /
2022/02/20 16:21:25 %s %s %v GET /favicon.ico
